<?xml version="1.0" encoding="UTF-8"?>
<testng-results skipped="0" failed="0" ignored="0" total="1" passed="1">
  <reporter-output>
  </reporter-output>
  <suite name="Default suite" duration-ms="11490" started-at="2019-01-26T12:30:45Z" finished-at="2019-01-26T12:30:57Z">
    <groups>
    </groups>
    <test name="Default test" duration-ms="11490" started-at="2019-01-26T12:30:45Z" finished-at="2019-01-26T12:30:57Z">
      <class name="Test.TestWinniumNotepad">
        <test-method status="PASS" signature="winniumTest()[pri:0, instance:Test.TestWinniumNotepad@1b1473ab]" name="winniumTest" duration-ms="11132" started-at="2019-01-26T12:30:45Z" finished-at="2019-01-26T12:30:56Z">
          <reporter-output>
          </reporter-output>
        </test-method> <!-- winniumTest -->
      </class> <!-- Test.TestWinniumNotepad -->
    </test> <!-- Default test -->
  </suite> <!-- Default suite -->
</testng-results>
